\BOOKMARK [1][-]{section.1}{Esercitazione\04001}{}% 1
\BOOKMARK [2][-]{subsection.1.1}{Specifiche\040del\040server\040utilizzato\040\(Gateway\040GW2000h-GW170hq\040F1\)}{section.1}% 2
\BOOKMARK [2][-]{subsection.1.2}{Hardware\040utilizzato}{section.1}% 3
\BOOKMARK [2][-]{subsection.1.3}{Interfaccia\040di\040gestione}{section.1}% 4
\BOOKMARK [2][-]{subsection.1.4}{OpenVPN}{section.1}% 5
\BOOKMARK [3][-]{subsubsection.1.4.1}{Obiettivo}{subsection.1.4}% 6
\BOOKMARK [3][-]{subsubsection.1.4.2}{Installazione\040OpenVPN\040-\040Ubuntu\040x64}{subsection.1.4}% 7
\BOOKMARK [3][-]{subsubsection.1.4.3}{Problematiche}{subsection.1.4}% 8
\BOOKMARK [2][-]{subsection.1.5}{VMware\040ESXi}{section.1}% 9
\BOOKMARK [3][-]{subsubsection.1.5.1}{Descrizione}{subsection.1.5}% 10
\BOOKMARK [3][-]{subsubsection.1.5.2}{Architettura}{subsection.1.5}% 11
\BOOKMARK [3][-]{subsubsection.1.5.3}{Installazione\040di\040VMWare}{subsection.1.5}% 12
\BOOKMARK [3][-]{subsubsection.1.5.4}{Altre\040opzioni\040di\040virtualizzazione}{subsection.1.5}% 13
\BOOKMARK [1][-]{section.2}{Esercitazione\04002}{}% 14
\BOOKMARK [2][-]{subsection.2.1}{Obiettivo\040e\040definizione\040di\040una\040struttura\040di\040rete}{section.2}% 15
\BOOKMARK [2][-]{subsection.2.2}{Firewall\040utilizzato}{section.2}% 16
\BOOKMARK [3][-]{subsubsection.2.2.1}{Versione\040utilizzata\040e\040requisiti\040minimi\040di\040sistema}{subsection.2.2}% 17
\BOOKMARK [3][-]{subsubsection.2.2.2}{Funzionalità}{subsection.2.2}% 18
\BOOKMARK [2][-]{subsection.2.3}{Installazione\040Windows\040Server\0402012}{section.2}% 19
\BOOKMARK [3][-]{subsubsection.2.3.1}{Versione\040utilizzata\040e\040requisiti\040minimi\040di\040sistema}{subsection.2.3}% 20
\BOOKMARK [3][-]{subsubsection.2.3.2}{Tabella\040comparativa\040delle\040versioni}{subsection.2.3}% 21
\BOOKMARK [2][-]{subsection.2.4}{Installazione\040di\040un\040sistema\040Windows\04010}{section.2}% 22
\BOOKMARK [3][-]{subsubsection.2.4.1}{Versione\040utilizzata\040e\040requisiti\040minimi\040di\040sistema}{subsection.2.4}% 23
\BOOKMARK [2][-]{subsection.2.5}{Installazione\040di\040un\040sistema\040Linux}{section.2}% 24
\BOOKMARK [3][-]{subsubsection.2.5.1}{Versione\040utilizzata\040e\040requisiti\040minimi\040di\040sistema}{subsection.2.5}% 25
\BOOKMARK [2][-]{subsection.2.6}{Impostazione\040avvio\040automatico}{section.2}% 26
\BOOKMARK [2][-]{subsection.2.7}{Configurazione\040disco\040di\040rete}{section.2}% 27
